\BOOKMARK [0][-]{chapter.1}{\376\377\000\332\000v\000o\000d}{}% 1
\BOOKMARK [0][-]{chapter.2}{\376\377\000T\000e\000o\000r\000e\000t\000i\000c\000k\000\341\000\040\001\015\000a\000s\001\145}{}% 2
\BOOKMARK [1][-]{section.2.1}{\376\377\000R\000a\000d\000a\000r}{chapter.2}% 3
\BOOKMARK [2][-]{subsection.2.1.1}{\376\377\000D\000e\000l\000e\000n\000i\000e\000\040\000r\000a\000d\000a\000r\000o\000v}{section.2.1}% 4
\BOOKMARK [2][-]{subsection.2.1.2}{\376\377\000Z\000\341\000k\000l\000a\000d\000n\000e\000\040\001\015\000a\000s\000t\000i\000\040\000r\000a\000d\000a\000r\000u}{section.2.1}% 5
\BOOKMARK [1][-]{section.2.2}{\376\377\000C\000h\000a\000r\000a\000k\000t\000e\000r\000i\000s\000t\000i\000k\000a\000\040\000m\000o\000d\000u\000l\000u\000\040\000K\000-\000M\000C\0004}{chapter.2}% 6
\BOOKMARK [2][-]{subsection.2.2.1}{\376\377\000Z\000\341\000k\000l\000a\000d\000n\000\351\000\040\000v\000l\000a\000s\000t\000n\000o\000s\000t\000i\000\040\000r\000a\000d\000a\000r\000o\000v\000\351\000h\000o\000\040\000m\000o\000d\000u\000l\000u\000k\000m\000c\0004\000s\000h\000e\000e\000t\000:}{section.2.2}% 7
\BOOKMARK [1][-]{section.2.3}{\376\377\000D\000o\000p\000l\000e\000r\000o\000v\000\040\000j\000a\000v}{chapter.2}% 8
\BOOKMARK [1][-]{section.2.4}{\376\377\000R\000a\000d\000a\000r\000o\000v\000\341\000\040\000r\000o\000v\000n\000i\000c\000a}{chapter.2}% 9
\BOOKMARK [1][-]{section.2.5}{\376\377\000S\000p\000r\000a\000c\000o\000v\000a\000n\000i\000e\000\040\000s\000i\000g\000n\000\341\000l\000u}{chapter.2}% 10
\BOOKMARK [2][-]{subsection.2.5.1}{\376\377\000V\000z\000o\000r\000k\000o\000v\000a\000n\000i\000e\000\040\000a\000\040\000K\000v\000a\000n\000t\000o\000v\000a\000n\000i\000e}{section.2.5}% 11
\BOOKMARK [2][-]{subsection.2.5.2}{\376\377\000O\000d\000s\000t\000r\000\341\000n\000e\000n\000i\000e\000\040\000j\000e\000d\000n\000o\000n\000o\000s\000m\000e\000r\000n\000e\000j\000\040\000z\000l\000o\001\176\000k\000y}{section.2.5}% 12
\BOOKMARK [2][-]{subsection.2.5.3}{\376\377\000S\000e\000g\000m\000e\000n\000t\000\341\000c\000i\000a}{section.2.5}% 13
\BOOKMARK [2][-]{subsection.2.5.4}{\376\377\000Z\000e\000r\000o\000-\000p\000a\000d\000d\000i\000n\000g}{section.2.5}% 14
\BOOKMARK [2][-]{subsection.2.5.5}{\376\377\000F\000r\000e\000k\000v\000e\000n\001\015\000n\000\341\000\040\000a\000n\000a\000l\000\375\000z\000a}{section.2.5}% 15
\BOOKMARK [2][-]{subsection.2.5.6}{\376\377\000I\000n\000t\000e\000r\000p\000o\000l\000\341\000c\000i\000a}{section.2.5}% 16
\BOOKMARK [1][-]{section.2.6}{\376\377\000M\000o\000d\000e\000l\000o\000v\000a\000n\000i\000e\000\040\000a\000\040\000s\000i\000m\000u\000l\000\341\000c\000i\000a}{chapter.2}% 17
\BOOKMARK [2][-]{subsection.2.6.1}{\376\377\000P\000r\000i\000n\000c\000\355\000p\000y}{section.2.6}% 18
\BOOKMARK [2][-]{subsection.2.6.2}{\376\377\000D\000i\000s\000k\000r\000\351\000t\000n\000y\000\040\000s\000y\000s\000t\000\351\000m\000\040\000a\000\040\000s\000i\000m\000u\000l\000\341\000c\000i\000a}{section.2.6}% 19
\BOOKMARK [2][-]{subsection.2.6.3}{\376\377\000S\000i\000m\000u\000l\000o\000v\000a\000n\000i\000e\000\040\001\015\000i\000n\000n\000o\000s\000t\000i\000\040\000r\000a\000d\000a\000r\000u}{section.2.6}% 20
\BOOKMARK [0][-]{chapter.3}{\376\377\000N\000\341\000v\000r\000h}{}% 21
\BOOKMARK [1][-]{section.3.1}{\376\377\000R\000a\000d\000a\000r\000\040\000v\000\040\000p\000r\000i\000e\000s\000t\000o\000r\000e}{chapter.3}% 22
\BOOKMARK [1][-]{section.3.2}{\376\377\000O\000b\000j\000e\000k\000t\000\040\000v\000\040\000p\000r\000i\000e\000s\000t\000o\000r\000e}{chapter.3}% 23
\BOOKMARK [2][-]{subsection.3.2.1}{\376\377\000V\000e\000r\000t\000i\000k\000\341\000l\000n\000y\000\040\000u\000h\000o\000l}{section.3.2}% 24
\BOOKMARK [2][-]{subsection.3.2.2}{\376\377\000H\000o\000r\000i\000z\000o\000n\000t\000\341\000l\000n\000y\000\040\000u\000h\000o\000l}{section.3.2}% 25
\BOOKMARK [2][-]{subsection.3.2.3}{\376\377\000S\000i\000m\000u\000l\000\341\000c\000i\000a\000\040\000\372\000t\000l\000m\000u\000\040\000s\000i\000g\000n\000\341\000l\000u}{section.3.2}% 26
\BOOKMARK [2][-]{subsection.3.2.4}{\376\377\000P\000r\000i\000e\000s\000t\000o\000r\000o\000v\000\375\000\040\000u\000h\000o\000l}{section.3.2}% 27
\BOOKMARK [2][-]{subsection.3.2.5}{\376\377\000V\000z\000d\000i\000a\000l\000e\000n\000o\000s\001\145}{section.3.2}% 28
\BOOKMARK [2][-]{subsection.3.2.6}{\376\377\000P\000r\000i\000j\000a\000t\000\375\000\040\000s\000i\000g\000n\000\341\000l}{section.3.2}% 29
\BOOKMARK [2][-]{subsection.3.2.7}{\376\377\000R\000a\000d\000a\000r\000o\000v\000\341\000\040\000r\000o\000v\000n\000i\000c\000a}{section.3.2}% 30
\BOOKMARK [0][-]{chapter.4}{\376\377\000I\000m\000p\000l\000e\000m\000e\000n\000t\000\341\000c\000i\000a}{}% 31
\BOOKMARK [1][-]{section.4.1}{\376\377\000C\000h\000a\000r\000a\000k\000t\000e\000r\000i\000s\000t\000i\000k\000a\000\040\000a\000n\000t\000\351\000n\000y}{chapter.4}% 32
\BOOKMARK [1][-]{section.4.2}{\376\377\000S\000i\000m\000u\000l\000\341\000c\000i\000a\000\040\000m\000o\000d\000e\000l\000o\000v\000a\000n\000e\000j\000\040\000s\000c\000\351\000n\000y}{chapter.4}% 33
\BOOKMARK [1][-]{section.4.3}{\376\377\000R\000e\000p\000r\000e\000z\000e\000n\000t\000\341\000c\000i\000a\000\040\000d\000\341\000t}{chapter.4}% 34
\BOOKMARK [0][-]{chapter.5}{\376\377\000T\000e\000s\000t\000o\000v\000a\000n\000i\000e\000\040\000a\000\040\000v\000\375\000s\000l\000e\000d\000k\000y}{}% 35
\BOOKMARK [0][-]{chapter.6}{\376\377\000Z\000\341\000v\000e\000r}{}% 36
\BOOKMARK [1][-]{section.6.1}{\376\377\000Z\000h\000o\000d\000n\000o\000t\000e\000n\000i\000e\000\040\000v\000\375\000s\000l\000e\000d\000k\000o\000v}{chapter.6}% 37
\BOOKMARK [1][-]{section.6.2}{\376\377\000D\000a\000l\001\141\000i\000e\000\040\000p\000o\000k\000r\000a\001\015\000o\000v\000a\000n\000i\000e\000\040\000p\000r\000\341\000c\000e}{chapter.6}% 38
\BOOKMARK [0][-]{chapter*.2}{\376\377\000L\000i\000t\000e\000r\000a\000t\000\372\000r\000a}{}% 39
